1691742905.022206 client started (7553): version 2.6, socket /tmp/tmux-1000/default, protocol 8
1691742905.022601 on Linux 5.4.0-150-generic #167~18.04.1-Ubuntu SMP Wed May 24 00:51:42 UTC 2023; libevent 2.1.8-stable (poll)
1691742905.022772 socket is /tmp/tmux-1000/default
1691742905.022963 trying connect
1691742905.023125 connect failed: Connection refused
1691742905.023254 lock file is /tmp/tmux-1000/default.lock
1691742905.023412 flock succeeded
1691742905.023587 got lock (6)
1691742905.023699 trying connect
1691742905.023831 connect failed: Connection refused
1691742905.024125 add peer 0x563467166460: 7 ((nil))
1691742905.024358 sending message 100 to peer 0x563467166460 (4 bytes)
1691742905.024486 sending message 101 to peer 0x563467166460 (15 bytes)
1691742905.024567 sending message 102 to peer 0x563467166460 (11 bytes)
1691742905.024832 sending message 108 to peer 0x563467166460 (54 bytes)
1691742905.025061 sending message 104 to peer 0x563467166460 (0 bytes)
1691742905.025129 sending message 107 to peer 0x563467166460 (4 bytes)
1691742905.025200 sending message 105 to peer 0x563467166460 (22 bytes)
1691742905.025265 sending message 105 to peer 0x563467166460 (1516 bytes)
1691742905.025344 sending message 105 to peer 0x563467166460 (34 bytes)
1691742905.025428 sending message 105 to peer 0x563467166460 (23 bytes)
1691742905.025537 sending message 105 to peer 0x563467166460 (17 bytes)
1691742905.025612 sending message 105 to peer 0x563467166460 (16 bytes)
1691742905.025678 sending message 105 to peer 0x563467166460 (11 bytes)
1691742905.025744 sending message 105 to peer 0x563467166460 (51 bytes)
1691742905.025808 sending message 105 to peer 0x563467166460 (47 bytes)
1691742905.025878 sending message 105 to peer 0x563467166460 (32 bytes)
1691742905.025945 sending message 105 to peer 0x563467166460 (20 bytes)
1691742905.026007 sending message 105 to peer 0x563467166460 (14 bytes)
1691742905.026069 sending message 105 to peer 0x563467166460 (11 bytes)
1691742905.026130 sending message 105 to peer 0x563467166460 (41 bytes)
1691742905.026193 sending message 105 to peer 0x563467166460 (14 bytes)
1691742905.026304 sending message 105 to peer 0x563467166460 (17 bytes)
1691742905.026407 sending message 105 to peer 0x563467166460 (10 bytes)
1691742905.026524 sending message 105 to peer 0x563467166460 (23 bytes)
1691742905.026630 sending message 105 to peer 0x563467166460 (18 bytes)
1691742905.026853 sending message 105 to peer 0x563467166460 (33 bytes)
1691742905.026957 sending message 105 to peer 0x563467166460 (86 bytes)
1691742905.027069 sending message 105 to peer 0x563467166460 (58 bytes)
1691742905.027160 sending message 105 to peer 0x563467166460 (16 bytes)
1691742905.027222 sending message 105 to peer 0x563467166460 (23 bytes)
1691742905.027284 sending message 105 to peer 0x563467166460 (21 bytes)
1691742905.027345 sending message 105 to peer 0x563467166460 (19 bytes)
1691742905.027406 sending message 105 to peer 0x563467166460 (19 bytes)
1691742905.027466 sending message 105 to peer 0x563467166460 (21 bytes)
1691742905.027527 sending message 105 to peer 0x563467166460 (85 bytes)
1691742905.027588 sending message 105 to peer 0x563467166460 (27 bytes)
1691742905.027648 sending message 105 to peer 0x563467166460 (88 bytes)
1691742905.027699 sending message 105 to peer 0x563467166460 (53 bytes)
1691742905.027777 sending message 105 to peer 0x563467166460 (28 bytes)
1691742905.027872 sending message 105 to peer 0x563467166460 (13 bytes)
1691742905.027959 sending message 105 to peer 0x563467166460 (16 bytes)
1691742905.028039 sending message 105 to peer 0x563467166460 (20 bytes)
1691742905.028104 sending message 105 to peer 0x563467166460 (17 bytes)
1691742905.028167 sending message 105 to peer 0x563467166460 (18 bytes)
1691742905.028229 sending message 105 to peer 0x563467166460 (20 bytes)
1691742905.028290 sending message 105 to peer 0x563467166460 (18 bytes)
1691742905.028351 sending message 105 to peer 0x563467166460 (30 bytes)
1691742905.028412 sending message 105 to peer 0x563467166460 (33 bytes)
1691742905.028474 sending message 105 to peer 0x563467166460 (52 bytes)
1691742905.028608 sending message 105 to peer 0x563467166460 (29 bytes)
1691742905.028668 sending message 105 to peer 0x563467166460 (15 bytes)
1691742905.028726 sending message 105 to peer 0x563467166460 (8 bytes)
1691742905.028802 sending message 105 to peer 0x563467166460 (18 bytes)
1691742905.028858 sending message 105 to peer 0x563467166460 (44 bytes)
1691742905.028918 sending message 105 to peer 0x563467166460 (13 bytes)
1691742905.029005 sending message 105 to peer 0x563467166460 (92 bytes)
1691742905.029112 sending message 105 to peer 0x563467166460 (31 bytes)
1691742905.029205 sending message 105 to peer 0x563467166460 (41 bytes)
1691742905.029299 sending message 105 to peer 0x563467166460 (45 bytes)
1691742905.029381 sending message 105 to peer 0x563467166460 (169 bytes)
1691742905.029452 sending message 105 to peer 0x563467166460 (82 bytes)
1691742905.029520 sending message 105 to peer 0x563467166460 (32 bytes)
1691742905.029580 sending message 105 to peer 0x563467166460 (19 bytes)
1691742905.029638 sending message 105 to peer 0x563467166460 (16 bytes)
1691742905.029696 sending message 105 to peer 0x563467166460 (16 bytes)
1691742905.029754 sending message 106 to peer 0x563467166460 (0 bytes)
1691742905.029813 sending message 200 to peer 0x563467166460 (4 bytes)
1691742905.029870 client loop enter
1691742905.102978 peer 0x563467166460 message 207
1691742905.103100 sending message 208 to peer 0x563467166460 (0 bytes)
1691742912.514688 peer 0x563467166460 message 203
1691742912.514844 sending message 205 to peer 0x563467166460 (0 bytes)
1691742912.515557 peer 0x563467166460 message 204
1691742912.515694 client loop exit
